<?xml version="1.0" encoding="UTF-8"?>
<testsuite xmlns:xsi="http://www.w3.org/2001/XMLSchema-instance" xsi:noNamespaceSchemaLocation="https://maven.apache.org/surefire/maven-surefire-plugin/xsd/surefire-test-report-3.0.xsd" version="3.0" name="com.udacity.catpoint.security.service.SecurityServiceTest" time="0.609" tests="16" errors="0" skipped="0" failures="0">
  <properties>
    <property name="java.specification.version" value="18"/>
    <property name="sun.cpu.isalist" value="amd64"/>
    <property name="sun.jnu.encoding" value="Cp1252"/>
    <property name="java.class.path" value="D:\study\udacity\source\final-project\UdaSecurity\catpoint-parent\security-service\target\test-classes;D:\repository\org\junit\jupiter\junit-jupiter-api\5.9.1\junit-jupiter-api-5.9.1.jar;D:\repository\org\opentest4j\opentest4j\1.2.0\opentest4j-1.2.0.jar;D:\repository\org\junit\platform\junit-platform-commons\1.9.1\junit-platform-commons-1.9.1.jar;D:\repository\org\apiguardian\apiguardian-api\1.1.2\apiguardian-api-1.1.2.jar;D:\repository\org\mockito\mockito-junit-jupiter\4.8.0\mockito-junit-jupiter-4.8.0.jar;D:\repository\org\mockito\mockito-core\4.8.0\mockito-core-4.8.0.jar;D:\repository\net\bytebuddy\byte-buddy\1.12.14\byte-buddy-1.12.14.jar;D:\repository\net\bytebuddy\byte-buddy-agent\1.12.14\byte-buddy-agent-1.12.14.jar;D:\repository\org\objenesis\objenesis\3.2\objenesis-3.2.jar;D:\repository\org\junit\jupiter\junit-jupiter-params\5.9.1\junit-jupiter-params-5.9.1.jar;D:\repository\software\amazon\awssdk\annotations\2.18.41\annotations-2.18.41.jar;D:\repository\software\amazon\awssdk\utils\2.18.41\utils-2.18.41.jar;D:\repository\org\reactivestreams\reactive-streams\1.0.3\reactive-streams-1.0.3.jar;D:\repository\software\amazon\awssdk\profiles\2.18.41\profiles-2.18.41.jar;D:\repository\software\amazon\awssdk\http-client-spi\2.18.41\http-client-spi-2.18.41.jar;D:\repository\software\amazon\awssdk\json-utils\2.18.41\json-utils-2.18.41.jar;D:\repository\software\amazon\awssdk\third-party-jackson-core\2.18.41\third-party-jackson-core-2.18.41.jar;D:\repository\software\amazon\eventstream\eventstream\1.0.1\eventstream-1.0.1.jar;D:\repository\software\amazon\awssdk\aws-json-protocol\2.18.41\aws-json-protocol-2.18.41.jar;D:\repository\software\amazon\awssdk\protocol-core\2.18.41\protocol-core-2.18.41.jar;D:\repository\software\amazon\awssdk\aws-core\2.18.41\aws-core-2.18.41.jar;D:\repository\software\amazon\awssdk\metrics-spi\2.18.41\metrics-spi-2.18.41.jar;D:\repository\software\amazon\awssdk\endpoints-spi\2.18.41\endpoints-spi-2.18.41.jar;D:\repository\software\amazon\awssdk\apache-client\2.18.41\apache-client-2.18.41.jar;D:\repository\org\apache\httpcomponents\httpclient\4.5.13\httpclient-4.5.13.jar;D:\repository\commons-logging\commons-logging\1.2\commons-logging-1.2.jar;D:\repository\commons-codec\commons-codec\1.11\commons-codec-1.11.jar;D:\repository\org\apache\httpcomponents\httpcore\4.4.13\httpcore-4.4.13.jar;D:\repository\software\amazon\awssdk\netty-nio-client\2.18.41\netty-nio-client-2.18.41.jar;D:\repository\io\netty\netty-codec-http\4.1.86.Final\netty-codec-http-4.1.86.Final.jar;D:\repository\io\netty\netty-codec-http2\4.1.86.Final\netty-codec-http2-4.1.86.Final.jar;D:\repository\io\netty\netty-codec\4.1.86.Final\netty-codec-4.1.86.Final.jar;D:\repository\io\netty\netty-transport\4.1.86.Final\netty-transport-4.1.86.Final.jar;D:\repository\io\netty\netty-resolver\4.1.86.Final\netty-resolver-4.1.86.Final.jar;D:\repository\io\netty\netty-common\4.1.86.Final\netty-common-4.1.86.Final.jar;D:\repository\io\netty\netty-buffer\4.1.86.Final\netty-buffer-4.1.86.Final.jar;D:\repository\io\netty\netty-handler\4.1.86.Final\netty-handler-4.1.86.Final.jar;D:\repository\io\netty\netty-transport-native-unix-common\4.1.86.Final\netty-transport-native-unix-common-4.1.86.Final.jar;D:\repository\io\netty\netty-transport-classes-epoll\4.1.86.Final\netty-transport-classes-epoll-4.1.86.Final.jar;"/>
    <property name="java.vm.vendor" value="Oracle Corporation"/>
    <property name="sun.arch.data.model" value="64"/>
    <property name="user.variant" value=""/>
    <property name="java.vendor.url" value="https://java.oracle.com/"/>
    <property name="user.timezone" value="Asia/Bangkok"/>
    <property name="os.name" value="Windows 11"/>
    <property name="java.vm.specification.version" value="18"/>
    <property name="sun.java.launcher" value="SUN_STANDARD"/>
    <property name="user.country" value="US"/>
    <property name="sun.boot.library.path" value="C:\Program Files\Java\jdk-18.0.2.1\bin"/>
    <property name="sun.java.command" value="org.apache.maven.surefire.booter.ForkedBooter C:\Users\ASUS\AppData\Local\Temp\surefire13596803145134273972 2022-12-20T00-11-12_653-jvmRun1 surefire-20221220001121110_1tmp surefire_0-20221220001121110_2tmp"/>
    <property name="jdk.debug" value="release"/>
    <property name="surefire.test.class.path" value="D:\study\udacity\source\final-project\UdaSecurity\catpoint-parent\security-service\target\test-classes;D:\repository\org\junit\jupiter\junit-jupiter-api\5.9.1\junit-jupiter-api-5.9.1.jar;D:\repository\org\opentest4j\opentest4j\1.2.0\opentest4j-1.2.0.jar;D:\repository\org\junit\platform\junit-platform-commons\1.9.1\junit-platform-commons-1.9.1.jar;D:\repository\org\apiguardian\apiguardian-api\1.1.2\apiguardian-api-1.1.2.jar;D:\repository\org\mockito\mockito-junit-jupiter\4.8.0\mockito-junit-jupiter-4.8.0.jar;D:\repository\org\mockito\mockito-core\4.8.0\mockito-core-4.8.0.jar;D:\repository\net\bytebuddy\byte-buddy\1.12.14\byte-buddy-1.12.14.jar;D:\repository\net\bytebuddy\byte-buddy-agent\1.12.14\byte-buddy-agent-1.12.14.jar;D:\repository\org\objenesis\objenesis\3.2\objenesis-3.2.jar;D:\repository\org\junit\jupiter\junit-jupiter-params\5.9.1\junit-jupiter-params-5.9.1.jar;D:\repository\software\amazon\awssdk\annotations\2.18.41\annotations-2.18.41.jar;D:\repository\software\amazon\awssdk\utils\2.18.41\utils-2.18.41.jar;D:\repository\org\reactivestreams\reactive-streams\1.0.3\reactive-streams-1.0.3.jar;D:\repository\software\amazon\awssdk\profiles\2.18.41\profiles-2.18.41.jar;D:\repository\software\amazon\awssdk\http-client-spi\2.18.41\http-client-spi-2.18.41.jar;D:\repository\software\amazon\awssdk\json-utils\2.18.41\json-utils-2.18.41.jar;D:\repository\software\amazon\awssdk\third-party-jackson-core\2.18.41\third-party-jackson-core-2.18.41.jar;D:\repository\software\amazon\eventstream\eventstream\1.0.1\eventstream-1.0.1.jar;D:\repository\software\amazon\awssdk\aws-json-protocol\2.18.41\aws-json-protocol-2.18.41.jar;D:\repository\software\amazon\awssdk\protocol-core\2.18.41\protocol-core-2.18.41.jar;D:\repository\software\amazon\awssdk\aws-core\2.18.41\aws-core-2.18.41.jar;D:\repository\software\amazon\awssdk\metrics-spi\2.18.41\metrics-spi-2.18.41.jar;D:\repository\software\amazon\awssdk\endpoints-spi\2.18.41\endpoints-spi-2.18.41.jar;D:\repository\software\amazon\awssdk\apache-client\2.18.41\apache-client-2.18.41.jar;D:\repository\org\apache\httpcomponents\httpclient\4.5.13\httpclient-4.5.13.jar;D:\repository\commons-logging\commons-logging\1.2\commons-logging-1.2.jar;D:\repository\commons-codec\commons-codec\1.11\commons-codec-1.11.jar;D:\repository\org\apache\httpcomponents\httpcore\4.4.13\httpcore-4.4.13.jar;D:\repository\software\amazon\awssdk\netty-nio-client\2.18.41\netty-nio-client-2.18.41.jar;D:\repository\io\netty\netty-codec-http\4.1.86.Final\netty-codec-http-4.1.86.Final.jar;D:\repository\io\netty\netty-codec-http2\4.1.86.Final\netty-codec-http2-4.1.86.Final.jar;D:\repository\io\netty\netty-codec\4.1.86.Final\netty-codec-4.1.86.Final.jar;D:\repository\io\netty\netty-transport\4.1.86.Final\netty-transport-4.1.86.Final.jar;D:\repository\io\netty\netty-resolver\4.1.86.Final\netty-resolver-4.1.86.Final.jar;D:\repository\io\netty\netty-common\4.1.86.Final\netty-common-4.1.86.Final.jar;D:\repository\io\netty\netty-buffer\4.1.86.Final\netty-buffer-4.1.86.Final.jar;D:\repository\io\netty\netty-handler\4.1.86.Final\netty-handler-4.1.86.Final.jar;D:\repository\io\netty\netty-transport-native-unix-common\4.1.86.Final\netty-transport-native-unix-common-4.1.86.Final.jar;D:\repository\io\netty\netty-transport-classes-epoll\4.1.86.Final\netty-transport-classes-epoll-4.1.86.Final.jar;"/>
    <property name="sun.cpu.endian" value="little"/>
    <property name="user.home" value="C:\Users\ASUS"/>
    <property name="user.language" value="en"/>
    <property name="java.specification.vendor" value="Oracle Corporation"/>
    <property name="jdk.module.path" value="D:\study\udacity\source\final-project\UdaSecurity\catpoint-parent\security-service\target\classes;D:\study\udacity\source\final-project\UdaSecurity\catpoint-parent\image-service\target\image-service-1.0-SNAPSHOT.jar;D:\repository\com\miglayout\miglayout\3.7.4\miglayout-3.7.4.jar;D:\repository\com\google\guava\guava\13.0-rc1\guava-13.0-rc1.jar;D:\repository\com\google\code\gson\gson\2.10\gson-2.10.jar;D:\repository\org\slf4j\slf4j-api\2.0.6\slf4j-api-2.0.6.jar;D:\repository\software\amazon\awssdk\auth\2.18.41\auth-2.18.41.jar;D:\repository\software\amazon\awssdk\sdk-core\2.18.41\sdk-core-2.18.41.jar;D:\repository\software\amazon\awssdk\regions\2.18.41\regions-2.18.41.jar;D:\repository\software\amazon\awssdk\rekognition\2.18.41\rekognition-2.18.41.jar"/>
    <property name="java.version.date" value="2022-08-18"/>
    <property name="java.home" value="C:\Program Files\Java\jdk-18.0.2.1"/>
    <property name="file.separator" value="\"/>
    <property name="basedir" value="D:\study\udacity\source\final-project\UdaSecurity\catpoint-parent\security-service"/>
    <property name="java.vm.compressedOopsMode" value="Zero based"/>
    <property name="line.separator" value="&#10;"/>
    <property name="java.vm.specification.vendor" value="Oracle Corporation"/>
    <property name="java.specification.name" value="Java Platform API Specification"/>
    <property name="surefire.real.class.path" value="D:\repository\org\apache\maven\surefire\surefire-booter\3.0.0-M7\surefire-booter-3.0.0-M7.jar;D:\repository\org\apache\maven\surefire\surefire-api\3.0.0-M7\surefire-api-3.0.0-M7.jar;D:\repository\org\apache\maven\surefire\surefire-logger-api\3.0.0-M7\surefire-logger-api-3.0.0-M7.jar;D:\repository\org\apache\maven\surefire\surefire-shared-utils\3.0.0-M7\surefire-shared-utils-3.0.0-M7.jar;D:\repository\org\apache\maven\surefire\surefire-extensions-spi\3.0.0-M7\surefire-extensions-spi-3.0.0-M7.jar;D:\study\udacity\source\final-project\UdaSecurity\catpoint-parent\security-service\target\test-classes;D:\repository\org\junit\jupiter\junit-jupiter-api\5.9.1\junit-jupiter-api-5.9.1.jar;D:\repository\org\opentest4j\opentest4j\1.2.0\opentest4j-1.2.0.jar;D:\repository\org\junit\platform\junit-platform-commons\1.9.1\junit-platform-commons-1.9.1.jar;D:\repository\org\apiguardian\apiguardian-api\1.1.2\apiguardian-api-1.1.2.jar;D:\repository\org\mockito\mockito-junit-jupiter\4.8.0\mockito-junit-jupiter-4.8.0.jar;D:\repository\org\mockito\mockito-core\4.8.0\mockito-core-4.8.0.jar;D:\repository\net\bytebuddy\byte-buddy\1.12.14\byte-buddy-1.12.14.jar;D:\repository\net\bytebuddy\byte-buddy-agent\1.12.14\byte-buddy-agent-1.12.14.jar;D:\repository\org\objenesis\objenesis\3.2\objenesis-3.2.jar;D:\repository\org\junit\jupiter\junit-jupiter-params\5.9.1\junit-jupiter-params-5.9.1.jar;D:\repository\software\amazon\awssdk\annotations\2.18.41\annotations-2.18.41.jar;D:\repository\software\amazon\awssdk\utils\2.18.41\utils-2.18.41.jar;D:\repository\org\reactivestreams\reactive-streams\1.0.3\reactive-streams-1.0.3.jar;D:\repository\software\amazon\awssdk\profiles\2.18.41\profiles-2.18.41.jar;D:\repository\software\amazon\awssdk\http-client-spi\2.18.41\http-client-spi-2.18.41.jar;D:\repository\software\amazon\awssdk\json-utils\2.18.41\json-utils-2.18.41.jar;D:\repository\software\amazon\awssdk\third-party-jackson-core\2.18.41\third-party-jackson-core-2.18.41.jar;D:\repository\software\amazon\eventstream\eventstream\1.0.1\eventstream-1.0.1.jar;D:\repository\software\amazon\awssdk\aws-json-protocol\2.18.41\aws-json-protocol-2.18.41.jar;D:\repository\software\amazon\awssdk\protocol-core\2.18.41\protocol-core-2.18.41.jar;D:\repository\software\amazon\awssdk\aws-core\2.18.41\aws-core-2.18.41.jar;D:\repository\software\amazon\awssdk\metrics-spi\2.18.41\metrics-spi-2.18.41.jar;D:\repository\software\amazon\awssdk\endpoints-spi\2.18.41\endpoints-spi-2.18.41.jar;D:\repository\software\amazon\awssdk\apache-client\2.18.41\apache-client-2.18.41.jar;D:\repository\org\apache\httpcomponents\httpclient\4.5.13\httpclient-4.5.13.jar;D:\repository\commons-logging\commons-logging\1.2\commons-logging-1.2.jar;D:\repository\commons-codec\commons-codec\1.11\commons-codec-1.11.jar;D:\repository\org\apache\httpcomponents\httpcore\4.4.13\httpcore-4.4.13.jar;D:\repository\software\amazon\awssdk\netty-nio-client\2.18.41\netty-nio-client-2.18.41.jar;D:\repository\io\netty\netty-codec-http\4.1.86.Final\netty-codec-http-4.1.86.Final.jar;D:\repository\io\netty\netty-codec-http2\4.1.86.Final\netty-codec-http2-4.1.86.Final.jar;D:\repository\io\netty\netty-codec\4.1.86.Final\netty-codec-4.1.86.Final.jar;D:\repository\io\netty\netty-transport\4.1.86.Final\netty-transport-4.1.86.Final.jar;D:\repository\io\netty\netty-resolver\4.1.86.Final\netty-resolver-4.1.86.Final.jar;D:\repository\io\netty\netty-common\4.1.86.Final\netty-common-4.1.86.Final.jar;D:\repository\io\netty\netty-buffer\4.1.86.Final\netty-buffer-4.1.86.Final.jar;D:\repository\io\netty\netty-handler\4.1.86.Final\netty-handler-4.1.86.Final.jar;D:\repository\io\netty\netty-transport-native-unix-common\4.1.86.Final\netty-transport-native-unix-common-4.1.86.Final.jar;D:\repository\io\netty\netty-transport-classes-epoll\4.1.86.Final\netty-transport-classes-epoll-4.1.86.Final.jar;D:\repository\org\apache\maven\surefire\surefire-junit-platform\3.0.0-M7\surefire-junit-platform-3.0.0-M7.jar;D:\repository\org\apache\maven\surefire\common-java5\3.0.0-M7\common-java5-3.0.0-M7.jar;D:\repository\org\junit\platform\junit-platform-launcher\1.9.1\junit-platform-launcher-1.9.1.jar;D:\repository\org\junit\platform\junit-platform-engine\1.9.1\junit-platform-engine-1.9.1.jar;D:\repository\org\junit\jupiter\junit-jupiter-engine\5.9.1\junit-jupiter-engine-5.9.1.jar"/>
    <property name="user.script" value=""/>
    <property name="sun.management.compiler" value="HotSpot 64-Bit Tiered Compilers"/>
    <property name="java.runtime.version" value="18.0.2.1+1-1"/>
    <property name="user.name" value="ASUS"/>
    <property name="path.separator" value=";"/>
    <property name="os.version" value="10.0"/>
    <property name="java.runtime.name" value="Java(TM) SE Runtime Environment"/>
    <property name="file.encoding" value="UTF-8"/>
    <property name="java.vm.name" value="Java HotSpot(TM) 64-Bit Server VM"/>
    <property name="localRepository" value="D:\repository"/>
    <property name="java.vendor.url.bug" value="https://bugreport.java.com/bugreport/"/>
    <property name="java.io.tmpdir" value="C:\Users\ASUS\AppData\Local\Temp\"/>
    <property name="java.version" value="18.0.2.1"/>
    <property name="user.dir" value="D:\study\udacity\source\final-project\UdaSecurity\catpoint-parent\security-service"/>
    <property name="os.arch" value="amd64"/>
    <property name="java.vm.specification.name" value="Java Virtual Machine Specification"/>
    <property name="sun.os.patch.level" value=""/>
    <property name="native.encoding" value="Cp1252"/>
    <property name="java.library.path" value="C:\Program Files\Java\jdk-18.0.2.1\bin;C:\WINDOWS\Sun\Java\bin;C:\WINDOWS\system32;C:\WINDOWS;C:\Program Files\Common Files\Oracle\Java\javapath;C:\WINDOWS\system32;C:\WINDOWS;C:\WINDOWS\System32\Wbem;C:\WINDOWS\System32\WindowsPowerShell\v1.0\;C:\WINDOWS\System32\OpenSSH\;C:\Program Files\Docker\Docker\resources\bin;C:\ProgramData\DockerDesktop\version-bin;C:\Program Files\Git\cmd;C:\Program Files\TortoiseGit\bin;C:\Program Files\PuTTY\;C:\Program Files\Amazon\AWSCLIV2\;D:\tool\apache-maven-3.8.6\bin;C:\Program Files\Java\jdk1.8.0_202\bin;D:\tool\php-8.1.7-nts-Win32-vs16-x64;C:\composer;C:\Program Files\Java\jdk-18.0.2.1\bin;C:\Users\ASUS\AppData\Local\Programs\Python\Python38-32\Scripts\;C:\Users\ASUS\AppData\Local\Programs\Python\Python38-32\;C:\Users\ASUS\AppData\Local\Microsoft\WindowsApps;;C:\Users\ASUS\AppData\Local\Programs\Microsoft VS Code\bin;C:\Program Files\JetBrains\PhpStorm 2022.1.1\bin;;C:\Users\ASUS\AppData\Roaming\Composer\vendor\bin;."/>
    <property name="java.vm.info" value="mixed mode"/>
    <property name="java.vendor" value="Oracle Corporation"/>
    <property name="java.vm.version" value="18.0.2.1+1-1"/>
    <property name="sun.io.unicode.encoding" value="UnicodeLittle"/>
    <property name="java.class.version" value="62.0"/>
  </properties>
  <testcase name="ifASensorIsDeactivatedWhileAlreadyActive_putTheSystemIntoNoAlarmStatus" classname="com.udacity.catpoint.security.service.SecurityServiceTest" time="0.432"/>
  <testcase name="IfAlarmIsActiveChangeSensorState_keepAlarmState(boolean)[1]" classname="com.udacity.catpoint.security.service.SecurityServiceTest" time="0.021"/>
  <testcase name="IfAlarmIsActiveChangeSensorState_keepAlarmState(boolean)[2]" classname="com.udacity.catpoint.security.service.SecurityServiceTest" time="0.003"/>
  <testcase name="ifAlarmIsArmedAndASensorBecomeActive_putTheSystemIntoPendingAlarmStatus" classname="com.udacity.catpoint.security.service.SecurityServiceTest" time="0.002"/>
  <testcase name="ifASensorIsActivatedWhileAlreadyActive_putTheSystemIntoPendingAlarmStatus" classname="com.udacity.catpoint.security.service.SecurityServiceTest" time="0.001"/>
  <testcase name="ifTheImageServiceIdentifiesAnImageContainingACatWhileTheSystemIsArmedHome_putTheSystemIntoAlarmStatus" classname="com.udacity.catpoint.security.service.SecurityServiceTest" time="0.003"/>
  <testcase name="ifAlarmIsArmedAndASensorBecomeActive_andTheSystemIsPendingAlarm_putTheSystemIntoAlarmStatus" classname="com.udacity.catpoint.security.service.SecurityServiceTest" time="0.002"/>
  <testcase name="ifASensorIsDeActivatedWhileAlreadyIActive_makeNoChangeAlarmState(AlarmStatus)[1]" classname="com.udacity.catpoint.security.service.SecurityServiceTest" time="0.002"/>
  <testcase name="ifASensorIsDeActivatedWhileAlreadyIActive_makeNoChangeAlarmState(AlarmStatus)[2]" classname="com.udacity.catpoint.security.service.SecurityServiceTest" time="0.002"/>
  <testcase name="ifASensorIsDeActivatedWhileAlreadyIActive_makeNoChangeAlarmState(AlarmStatus)[3]" classname="com.udacity.catpoint.security.service.SecurityServiceTest" time="0.002"/>
  <testcase name="ifTheImageServiceIdentifiesAnImageDoesNotContainingACat_putTheSystemIntoAlarmStatus" classname="com.udacity.catpoint.security.service.SecurityServiceTest" time="0.001"/>
  <testcase name="ifTheSystemIsArmedHomeWhileTheCameraShowsACat_putTheSystemIntoAlarmStatus" classname="com.udacity.catpoint.security.service.SecurityServiceTest" time="0.002"/>
  <testcase name="ifTheSystemIsArmed_ChangAllSensorStatusToInActive(ArmingStatus)[1]" classname="com.udacity.catpoint.security.service.SecurityServiceTest" time="0.002"/>
  <testcase name="ifTheSystemIsArmed_ChangAllSensorStatusToInActive(ArmingStatus)[2]" classname="com.udacity.catpoint.security.service.SecurityServiceTest" time="0.001"/>
  <testcase name="ifPendingAlarmAndAllSensorsAreInactive_returnToNoAlarmState" classname="com.udacity.catpoint.security.service.SecurityServiceTest" time="0.002"/>
  <testcase name="ifTheSystemIsDisarmed_putTheSystemIntoAlarmStatus" classname="com.udacity.catpoint.security.service.SecurityServiceTest" time="0.002"/>
</testsuite>